<?xml version="1.0" encoding="UTF-8"?>
<!-- Generated by org.testng.reporters.JUnitXMLReporter -->
<testsuite ignored="0" hostname="DESKTOP-RFTFPTR" failures="0" tests="2" name="Default test" time="22.08" errors="0" timestamp="30 Sep 2020 14:46:07 GMT">
  <testcase classname="com.ankamreddi.mongodb.connections.WebScrapTest" name="webScrapeTest" time="7.487"/>
  <testcase classname="com.ankamreddi.mongodb.connections.WebScrapTest" name="webScrapeTest" time="8.605"/>
</testsuite> <!-- Default test -->
