<?xml version="1.0" encoding="UTF-8"?>
<testng-results ignored="0" total="2" passed="2" failed="0" skipped="0">
  <reporter-output>
  </reporter-output>
  <suite started-at="2020-09-30T14:45:45Z" name="Default suite" finished-at="2020-09-30T14:46:07Z" duration-ms="22080">
    <groups>
    </groups>
    <test started-at="2020-09-30T14:45:45Z" name="Default test" finished-at="2020-09-30T14:46:07Z" duration-ms="22080">
      <class name="com.ankamreddi.mongodb.connections.WebScrapTest">
        <test-method is-config="true" signature="connectMongoDB()[pri:0, instance:com.ankamreddi.mongodb.connections.WebScrapTest@2de23121]" started-at="2020-09-30T14:45:45Z" name="connectMongoDB" finished-at="2020-09-30T14:45:45Z" duration-ms="94" status="PASS">
          <reporter-output>
          </reporter-output>
        </test-method> <!-- connectMongoDB -->
        <test-method is-config="true" signature="setUp()[pri:0, instance:com.ankamreddi.mongodb.connections.WebScrapTest@2de23121]" started-at="2020-09-30T14:45:45Z" name="setUp" finished-at="2020-09-30T14:45:50Z" duration-ms="5415" status="PASS">
          <reporter-output>
          </reporter-output>
        </test-method> <!-- setUp -->
        <test-method signature="webScrapeTest(java.lang.String)[pri:0, instance:com.ankamreddi.mongodb.connections.WebScrapTest@2de23121]" started-at="2020-09-30T14:45:50Z" name="webScrapeTest" data-provider="getWebData" finished-at="2020-09-30T14:45:58Z" duration-ms="7487" status="PASS">
          <params>
            <param index="0">
              <value>
                <![CDATA[https://amazon.com]]>
              </value>
            </param>
          </params>
          <reporter-output>
          </reporter-output>
        </test-method> <!-- webScrapeTest -->
        <test-method signature="webScrapeTest(java.lang.String)[pri:0, instance:com.ankamreddi.mongodb.connections.WebScrapTest@2de23121]" started-at="2020-09-30T14:45:58Z" name="webScrapeTest" data-provider="getWebData" finished-at="2020-09-30T14:46:06Z" duration-ms="8605" status="PASS">
          <params>
            <param index="0">
              <value>
                <![CDATA[https://www.flipkart.com]]>
              </value>
            </param>
          </params>
          <reporter-output>
          </reporter-output>
        </test-method> <!-- webScrapeTest -->
        <test-method is-config="true" signature="tearDown()[pri:0, instance:com.ankamreddi.mongodb.connections.WebScrapTest@2de23121]" started-at="2020-09-30T14:46:06Z" name="tearDown" finished-at="2020-09-30T14:46:07Z" duration-ms="562" status="PASS">
          <reporter-output>
          </reporter-output>
        </test-method> <!-- tearDown -->
      </class> <!-- com.ankamreddi.mongodb.connections.WebScrapTest -->
    </test> <!-- Default test -->
  </suite> <!-- Default suite -->
</testng-results>
